This is pdfTeX, Version 3.14159265-2.6-1.40.19 (TeX Live 2019/dev/Debian) (preloaded format=pdflatex 2020.5.31)  4 JUN 2020 18:32
entering extended mode
 restricted \write18 enabled.
 file:line:error style messages enabled.
 %&-line parsing enabled.
**letter.tex
(./letter.tex
LaTeX2e <2018-12-01>
(/usr/share/texlive/texmf-dist/tex/latex/koma-script/scrlttr2.cls
Document Class: scrlttr2 2019/02/01 v3.26b KOMA-Script document class (letter)
(/usr/share/texlive/texmf-dist/tex/latex/koma-script/scrkbase.sty
Package: scrkbase 2019/02/01 v3.26b KOMA-Script package (KOMA-Script-dependent basics and keyval usage)
 (/usr/share/texlive/texmf-dist/tex/latex/koma-script/scrbase.sty
Package: scrbase 2019/02/01 v3.26b KOMA-Script package (KOMA-Script-independent basics and keyval usage)
 (/usr/share/texlive/texmf-dist/tex/latex/graphics/keyval.sty
Package: keyval 2014/10/28 v1.15 key=value parser (DPC)
\KV@toks@=\toks14
) (/usr/share/texlive/texmf-dist/tex/latex/koma-script/scrlfile.sty
Package: scrlfile 2019/02/01 v3.26b KOMA-Script package (loading files)
)))
Package scrlttr2 Info: You've used standard option `11pt'.
(scrlttr2)             This is correct!
(scrlttr2)             Internally I'm using `fontsize=11pt'.
(scrlttr2)             If you'd like to set the option with \KOMAoptions,
(scrlttr2)             you'd have to use `fontsize=11pt' there
(scrlttr2)             instead of `11pt', too.
Class scrlttr2 Info: File `scrsize11pt.clo' used to setup font sizes on input line 1838.
 (/usr/share/texlive/texmf-dist/tex/latex/koma-script/scrsize11pt.clo
File: scrsize11pt.clo 2019/02/01 v3.26b KOMA-Script font size class option (11pt)
) (/usr/share/texlive/texmf-dist/tex/latex/koma-script/typearea.sty
Package: typearea 2019/02/01 v3.26b KOMA-Script package (type area)
\ta@bcor=\skip41
\ta@div=\count80
Package typearea Info: You've used standard option `a4paper'.
(typearea)             This is correct!
(typearea)             Internally I'm using `paper=a4'.
(typearea)             If you'd like to set the option with \KOMAoptions,
(typearea)             you'd have to use `paper=a4' there
(typearea)             instead of `a4paper', too.
\ta@hblk=\skip42
\ta@vblk=\skip43
\ta@temp=\skip44
\footheight=\skip45
Package typearea Info: These are the values describing the layout:
(typearea)             DIV  = 10
(typearea)             BCOR = 0.0pt
(typearea)             \paperwidth      = 597.50793pt
(typearea)              \textwidth      = 418.25555pt
(typearea)              DIV departure   = -6%
(typearea)              \evensidemargin = 17.3562pt
(typearea)              \oddsidemargin  = 17.3562pt
(typearea)             \paperheight     = 845.04694pt
(typearea)              \textheight     = 595.80026pt
(typearea)              \topmargin      = -25.16531pt
(typearea)              \headheight     = 17.0pt
(typearea)              \headsep        = 20.40001pt
(typearea)              \topskip        = 11.0pt
(typearea)              \footskip       = 47.6pt
(typearea)              \baselineskip   = 13.6pt
(typearea)              on input line 1715.
)
\c@letter=\count81
)
Class scrlttr2 Info: Letter-Class-Option `DIN' loaded on input line 7.
 (/usr/share/texlive/texmf-dist/tex/latex/koma-script/DIN.lco
File: DIN.lco 2019/02/01 v3.26b KOMA-Script letter-class-option
) (/usr/share/texlive/texmf-dist/tex/latex/lipsum/lipsum.sty (/usr/share/texlive/texmf-dist/tex/latex/l3kernel/expl3.sty
Package: expl3 2019-02-15 L3 programming layer (loader) 
 (/usr/share/texlive/texmf-dist/tex/latex/l3kernel/expl3-code.tex
Package: expl3 2019-02-15 L3 programming layer (code)
\c_max_int=\count82
\l_tmpa_int=\count83
\l_tmpb_int=\count84
\g_tmpa_int=\count85
\g_tmpb_int=\count86
\g__kernel_prg_map_int=\count87
\c_log_iow=\count88
\l_iow_line_count_int=\count89
\l__iow_line_target_int=\count90
\l__iow_one_indent_int=\count91
\l__iow_indent_int=\count92
\c_zero_dim=\dimen102
\c_max_dim=\dimen103
\l_tmpa_dim=\dimen104
\l_tmpb_dim=\dimen105
\g_tmpa_dim=\dimen106
\g_tmpb_dim=\dimen107
\c_zero_skip=\skip46
\c_max_skip=\skip47
\l_tmpa_skip=\skip48
\l_tmpb_skip=\skip49
\g_tmpa_skip=\skip50
\g_tmpb_skip=\skip51
\c_zero_muskip=\muskip10
\c_max_muskip=\muskip11
\l_tmpa_muskip=\muskip12
\l_tmpb_muskip=\muskip13
\g_tmpa_muskip=\muskip14
\g_tmpb_muskip=\muskip15
\l_keys_choice_int=\count93
\l__intarray_loop_int=\count94
\c__intarray_sp_dim=\dimen108
\g__intarray_font_int=\count95
\c__fp_leading_shift_int=\count96
\c__fp_middle_shift_int=\count97
\c__fp_trailing_shift_int=\count98
\c__fp_big_leading_shift_int=\count99
\c__fp_big_middle_shift_int=\count100
\c__fp_big_trailing_shift_int=\count101
\c__fp_Bigg_leading_shift_int=\count102
\c__fp_Bigg_middle_shift_int=\count103
\c__fp_Bigg_trailing_shift_int=\count104
\c__kernel_randint_max_int=\count105
\g__fp_array_int=\count106
\l__fp_array_loop_int=\count107
\l__sort_length_int=\count108
\l__sort_min_int=\count109
\l__sort_top_int=\count110
\l__sort_max_int=\count111
\l__sort_true_max_int=\count112
\l__sort_block_int=\count113
\l__sort_begin_int=\count114
\l__sort_end_int=\count115
\l__sort_A_int=\count116
\l__sort_B_int=\count117
\l__sort_C_int=\count118
\l__tl_analysis_normal_int=\count119
\l__tl_analysis_index_int=\count120
\l__tl_analysis_nesting_int=\count121
\l__tl_analysis_type_int=\count122
\l__regex_internal_a_int=\count123
\l__regex_internal_b_int=\count124
\l__regex_internal_c_int=\count125
\l__regex_balance_int=\count126
\l__regex_group_level_int=\count127
\l__regex_mode_int=\count128
\c__regex_cs_in_class_mode_int=\count129
\c__regex_cs_mode_int=\count130
\l__regex_catcodes_int=\count131
\l__regex_default_catcodes_int=\count132
\c__regex_catcode_D_int=\count133
\c__regex_catcode_S_int=\count134
\c__regex_catcode_L_int=\count135
\c__regex_catcode_O_int=\count136
\c__regex_catcode_A_int=\count137
\c__regex_all_catcodes_int=\count138
\l__regex_show_lines_int=\count139
\l__regex_min_state_int=\count140
\l__regex_max_state_int=\count141
\l__regex_left_state_int=\count142
\l__regex_right_state_int=\count143
\l__regex_capturing_group_int=\count144
\l__regex_min_pos_int=\count145
\l__regex_max_pos_int=\count146
\l__regex_curr_pos_int=\count147
\l__regex_start_pos_int=\count148
\l__regex_success_pos_int=\count149
\l__regex_curr_char_int=\count150
\l__regex_curr_catcode_int=\count151
\l__regex_last_char_int=\count152
\l__regex_case_changed_char_int=\count153
\l__regex_curr_state_int=\count154
\l__regex_step_int=\count155
\l__regex_min_active_int=\count156
\l__regex_max_active_int=\count157
\l__regex_replacement_csnames_int=\count158
\l__regex_match_count_int=\count159
\l__regex_min_submatch_int=\count160
\l__regex_submatch_int=\count161
\l__regex_zeroth_submatch_int=\count162
\g__regex_trace_regex_int=\count163
\c_empty_box=\box27
\l_tmpa_box=\box28
\l_tmpb_box=\box29
\g_tmpa_box=\box30
\g_tmpb_box=\box31
\l__box_top_dim=\dimen109
\l__box_bottom_dim=\dimen110
\l__box_left_dim=\dimen111
\l__box_right_dim=\dimen112
\l__box_top_new_dim=\dimen113
\l__box_bottom_new_dim=\dimen114
\l__box_left_new_dim=\dimen115
\l__box_right_new_dim=\dimen116
\l__box_internal_box=\box32
\l__coffin_internal_box=\box33
\l__coffin_internal_dim=\dimen117
\l__coffin_offset_x_dim=\dimen118
\l__coffin_offset_y_dim=\dimen119
\l__coffin_x_dim=\dimen120
\l__coffin_y_dim=\dimen121
\l__coffin_x_prime_dim=\dimen122
\l__coffin_y_prime_dim=\dimen123
\c_empty_coffin=\box34
\l__coffin_aligned_coffin=\box35
\l__coffin_aligned_internal_coffin=\box36
\l_tmpa_coffin=\box37
\l_tmpb_coffin=\box38
\g_tmpa_coffin=\box39
\g_tmpb_coffin=\box40
\c__coffin_empty_coffin=\box41
\l__coffin_display_coffin=\box42
\l__coffin_display_coord_coffin=\box43
\l__coffin_display_pole_coffin=\box44
\l__coffin_display_offset_dim=\dimen124
\l__coffin_display_x_dim=\dimen125
\l__coffin_display_y_dim=\dimen126
\g__file_internal_ior=\read1
\l__coffin_bounding_shift_dim=\dimen127
\l__coffin_left_corner_dim=\dimen128
\l__coffin_right_corner_dim=\dimen129
\l__coffin_bottom_corner_dim=\dimen130
\l__coffin_top_corner_dim=\dimen131
\l__coffin_scaled_total_height_dim=\dimen132
\l__coffin_scaled_width_dim=\dimen133
\l__seq_internal_a_int=\count164
\l__seq_internal_b_int=\count165
) (/usr/share/texlive/texmf-dist/tex/latex/l3kernel/l3pdfmode.def
File: l3pdfmode.def 2019-02-15 v L3 Experimental driver: PDF mode
\l__driver_color_stack_int=\count166
)) (/usr/share/texlive/texmf-dist/tex/latex/l3packages/xparse/xparse.sty
Package: xparse 2018-10-17 L3 Experimental document command parser
\l__xparse_current_arg_int=\count167
\g__xparse_grabber_int=\count168
\l__xparse_m_args_int=\count169
\l__xparse_mandatory_args_int=\count170
\l__xparse_v_nesting_int=\count171
)
Package: lipsum 2019/01/02 v2.2 150 paragraphs of Lorem Ipsum dummy text
 (/usr/share/texlive/texmf-dist/tex/latex/lipsum/lipsum.ltd.tex
File: lipsum.ltd.tex 2019/01/02 v2.2 The Lorem ipsum dummy text
))

Class scrlttr2 Warning: \date changes the internal \LaTeX date only.
(scrlttr2)              You should note that this changes the default
(scrlttr2)              value of variable `date' only as long as nobody
(scrlttr2)              uses `\setkomavar` to change the content of
(scrlttr2)              variable `date'.
(scrlttr2)              Therefore, usage of `\setkomavar' is recommended
(scrlttr2)              to change the letter's date on input line 11.


LaTeX Warning: Unused global option(s):
    [letter].

(./letter.aux)
\openout1 = `letter.aux'.

LaTeX Font Info:    Checking defaults for OML/cmm/m/it on input line 13.
LaTeX Font Info:    ... okay on input line 13.
LaTeX Font Info:    Checking defaults for T1/cmr/m/n on input line 13.
LaTeX Font Info:    ... okay on input line 13.
LaTeX Font Info:    Checking defaults for OT1/cmr/m/n on input line 13.
LaTeX Font Info:    ... okay on input line 13.
LaTeX Font Info:    Checking defaults for OMS/cmsy/m/n on input line 13.
LaTeX Font Info:    ... okay on input line 13.
LaTeX Font Info:    Checking defaults for OMX/cmex/m/n on input line 13.
LaTeX Font Info:    ... okay on input line 13.
LaTeX Font Info:    Checking defaults for U/cmr/m/n on input line 13.
LaTeX Font Info:    ... okay on input line 13.
Package scrbase Info: activating english \yourrefname on input line 13.
Package scrbase Info: activating english \yourmailname on input line 13.
Package scrbase Info: activating english \myrefname on input line 13.
Package scrbase Info: activating english \customername on input line 13.
Package scrbase Info: activating english \invoicename on input line 13.
Package scrbase Info: activating english \subjectname on input line 13.
Package scrbase Info: activating english \ccname on input line 13.
Package scrbase Info: activating english \enclname on input line 13.
Package scrbase Info: activating english \headtoname on input line 13.
Package scrbase Info: activating english \headfromname on input line 13.
Package scrbase Info: activating english \datename on input line 13.
Package scrbase Info: activating english \pagename on input line 13.
Package scrbase Info: activating english \phonename on input line 13.
Package scrbase Info: activating english \mobilephonename on input line 13.
Package scrbase Info: activating english \faxname on input line 13.
Package scrbase Info: activating english \emailname on input line 13.
Package scrbase Info: activating english \wwwname on input line 13.
Package scrbase Info: activating english \bankname on input line 13.
Class scrlttr2 Info: no date found for language `american'
(scrlttr2)           --> skipped on input line 13.
Class scrlttr2 Info: no date found for language `australien'
(scrlttr2)           --> skipped on input line 13.
Class scrlttr2 Info: no date found for language `british'
(scrlttr2)           --> skipped on input line 13.
Class scrlttr2 Info: no date found for language `canadian'
(scrlttr2)           --> skipped on input line 13.
Class scrlttr2 Info: no date found for language `newzealand'
(scrlttr2)           --> skipped on input line 13.
Class scrlttr2 Info: no date found for language `UKenglish'
(scrlttr2)           --> skipped on input line 13.
Class scrlttr2 Info: no date found for language `ukenglish'
(scrlttr2)           --> skipped on input line 13.
Class scrlttr2 Info: no date found for language `USenglish'
(scrlttr2)           --> skipped on input line 13.
Class scrlttr2 Info: no date found for language `usenglish'
(scrlttr2)           --> skipped on input line 13.
Class scrlttr2 Info: no date found for language `german'
(scrlttr2)           --> skipped on input line 13.
Class scrlttr2 Info: no date found for language `ngerman'
(scrlttr2)           --> skipped on input line 13.
Class scrlttr2 Info: no date found for language `austrian'
(scrlttr2)           --> skipped on input line 13.
Class scrlttr2 Info: no date found for language `naustrian'
(scrlttr2)           --> skipped on input line 13.
Class scrlttr2 Info: no date found for language `swissgerman'
(scrlttr2)           --> skipped on input line 13.
Class scrlttr2 Info: no date found for language `nswissgerman'
(scrlttr2)           --> skipped on input line 13.
Class scrlttr2 Info: no date found for language `acadian'
(scrlttr2)           --> skipped on input line 13.
Class scrlttr2 Info: no date found for language `canadien'
(scrlttr2)           --> skipped on input line 13.
Class scrlttr2 Info: no date found for language `francais'
(scrlttr2)           --> skipped on input line 13.
Class scrlttr2 Info: no date found for language `french'
(scrlttr2)           --> skipped on input line 13.
Class scrlttr2 Info: no date found for language `italian'
(scrlttr2)           --> skipped on input line 13.
Class scrlttr2 Info: no date found for language `spanish'
(scrlttr2)           --> skipped on input line 13.
Class scrlttr2 Info: no date found for language `croatian'
(scrlttr2)           --> skipped on input line 13.
Class scrlttr2 Info: no date found for language `dutch'
(scrlttr2)           --> skipped on input line 13.
Class scrlttr2 Info: no date found for language `finnish'
(scrlttr2)           --> skipped on input line 13.
Class scrlttr2 Info: no date found for language `norsk'
(scrlttr2)           --> skipped on input line 13.
Class scrlttr2 Info: no date found for language `swedish'
(scrlttr2)           --> skipped on input line 13.
Class scrlttr2 Info: no date found for language `polish'
(scrlttr2)           --> skipped on input line 13.
Class scrlttr2 Info: no date found for language `czech'
(scrlttr2)           --> skipped on input line 13.
Class scrlttr2 Info: no date found for language `slovak'
(scrlttr2)           --> skipped on input line 13.
Class scrlttr2 Info: trying to activate captions and date
(scrlttr2)           of language `english' on input line 13.
Class scrlttr2 Info: used language is `english'.
(scrlttr2)           Supported languages are: `english', `UKenglish',
(scrlttr2)           `ukenglish', `british', `american', `USenglish',
(scrlttr2)           `usenglish', `australian`,`canadian', `newzealand',
(scrlttr2)           `german', `ngerman', `austrian', `naustrian',
(scrlttr2)           `swissgerman', `nswissgermsn',
(scrlttr2)           `acadian', `canadien', `francais', `french', 
(scrlttr2)           `dutch', `italian', `spanish', `polish',
(scrlttr2)           `croatian', `finnish', `norsk', `swedish',
(scrlttr2)           `czech', `slovak' on input line 13.

Foldmarks: yes
Head of first page
Foot of first page
Address (backaddress, addressee)
LaTeX Font Info:    External font `cmex10' loaded for size
(Font)              <10.95> on input line 20.
LaTeX Font Info:    External font `cmex10' loaded for size
(Font)              <8> on input line 20.
LaTeX Font Info:    External font `cmex10' loaded for size
(Font)              <6> on input line 20.
Location field: empty
Title: no
Subject: before opening
./letter.tex:29: Misplaced \noalign.
\hline ->\noalign 
                  {\ifnum 0=`}\fi \hrule \@height \arrayrulewidth \futurelet...
l.29 \hline
           
I expect to see \noalign only after the \cr of
an alignment. Proceed, and I'll ignore this case.

[1



{/var/lib/texmf/fonts/map/pdftex/updmap/pdftex.map}] (./letter.aux) ) 
Here is how much of TeX's memory you used:
 11094 strings out of 492615
 215991 string characters out of 6131390
 550771 words of memory out of 5000000
 15035 multiletter control sequences out of 15000+600000
 535685 words of font info for 35 fonts, out of 8000000 for 9000
 1141 hyphenation exceptions out of 8191
 45i,8n,71p,309b,317s stack positions out of 5000i,500n,10000p,200000b,80000s
</usr/share/texlive/texmf-dist/fonts/type1/public/amsfonts/cm/cmbx10.pfb></usr/share/texlive/texmf-dist/fonts/type1/public/amsfonts/cm/cmr10.pfb>
Output written on letter.pdf (1 page, 30398 bytes).
PDF statistics:
 16 PDF objects out of 1000 (max. 8388607)
 10 compressed objects within 1 object stream
 0 named destinations out of 1000 (max. 500000)
 1 words of extra memory for PDF output out of 10000 (max. 10000000)

